<?xml version="1.0" encoding="UTF-8"?>
<testng-results ignored="0" total="1" passed="1" failed="0" skipped="0">
  <reporter-output>
  </reporter-output>
  <suite started-at="2025-03-16T16:41:56 IST" name="Default suite" finished-at="2025-03-16T16:43:06 IST" duration-ms="70406">
    <groups>
    </groups>
    <test started-at="2025-03-16T16:41:56 IST" name="Default test" finished-at="2025-03-16T16:43:06 IST" duration-ms="70406">
      <class name="tests.SignUpTestCase">
        <test-method is-config="true" signature="setup()[pri:0, instance:tests.SignUpTestCase@d35dea7]" started-at="2025-03-16T16:41:56 IST" name="setup" finished-at="2025-03-16T16:42:02 IST" duration-ms="6343" status="PASS">
          <reporter-output>
          </reporter-output>
        </test-method> <!-- setup -->
        <test-method signature="signUp()[pri:0, instance:tests.SignUpTestCase@d35dea7]" started-at="2025-03-16T16:42:02 IST" name="signUp" finished-at="2025-03-16T16:43:04 IST" duration-ms="62288" status="PASS">
          <reporter-output>
          </reporter-output>
        </test-method> <!-- signUp -->
        <test-method is-config="true" signature="tearDown()[pri:0, instance:tests.SignUpTestCase@d35dea7]" started-at="2025-03-16T16:43:04 IST" name="tearDown" finished-at="2025-03-16T16:43:06 IST" duration-ms="1702" status="PASS">
          <reporter-output>
          </reporter-output>
        </test-method> <!-- tearDown -->
      </class> <!-- tests.SignUpTestCase -->
    </test> <!-- Default test -->
  </suite> <!-- Default suite -->
</testng-results>
